Traceback (most recent call last):
  File "/home/runner/.local/lib/python3.12/site-packages/jupyter_cache/executors/utils.py", line 58, in single_nb_execution
    executenb(
  File "/home/runner/.local/lib/python3.12/site-packages/nbclient/client.py", line 1305, in execute
    return NotebookClient(nb=nb, resources=resources, km=km, **kwargs).execute()
           ^^^^^^^^^^^^^^^^^^^^^^^^^^^^^^^^^^^^^^^^^^^^^^^^^^^^^^^^^^^^^^^^^^^^^
  File "/home/runner/.local/lib/python3.12/site-packages/jupyter_core/utils/__init__.py", line 165, in wrapped
    return loop.run_until_complete(inner)
           ^^^^^^^^^^^^^^^^^^^^^^^^^^^^^^
  File "/usr/lib/python3.12/asyncio/base_events.py", line 687, in run_until_complete
    return future.result()
           ^^^^^^^^^^^^^^^
  File "/home/runner/.local/lib/python3.12/site-packages/nbclient/client.py", line 705, in async_execute
    await self.async_execute_cell(
  File "/home/runner/.local/lib/python3.12/site-packages/nbclient/client.py", line 1058, in async_execute_cell
    await self._check_raise_for_error(cell, cell_index, exec_reply)
  File "/home/runner/.local/lib/python3.12/site-packages/nbclient/client.py", line 914, in _check_raise_for_error
    raise CellExecutionError.from_cell_and_msg(cell, exec_reply_content)
nbclient.exceptions.CellExecutionError: An error occurred while executing the following cell:
------------------
valid_composed_start = pd.to_numeric(all_metadata.composed_start, errors="coerce")
valid_composed_end = pd.to_numeric(all_metadata.composed_end, errors="coerce")
print(
    f"Composition dates range from {int(valid_composed_start.min())} {valid_composed_start.idxmin()} "
    f"to {int(valid_composed_end.max())} {valid_composed_end.idxmax()}."
)
------------------


[31m---------------------------------------------------------------------------[39m
[31mValueError[39m                                Traceback (most recent call last)
[36mCell[39m[36m [39m[32mIn[7][39m[32m, line 4[39m
[32m      1[39m valid_composed_start = pd.to_numeric(all_metadata.composed_start, errors=[33m"[39m[33mcoerce[39m[33m"[39m)
[32m      2[39m valid_composed_end = pd.to_numeric(all_metadata.composed_end, errors=[33m"[39m[33mcoerce[39m[33m"[39m)
[32m      3[39m [38;5;28mprint[39m(
[32m----> [39m[32m4[39m     [33mf[39m[33m"[39m[33mComposition dates range from [39m[38;5;132;01m{[39;00m[38;5;28;43mint[39;49m[43m([49m[43mvalid_composed_start[49m[43m.[49m[43mmin[49m[43m([49m[43m)[49m[43m)[49m[38;5;132;01m}[39;00m[33m [39m[38;5;132;01m{[39;00mvalid_composed_start.idxmin()[38;5;132;01m}[39;00m[33m [39m[33m"[39m
[32m      5[39m     [33mf[39m[33m"[39m[33mto [39m[38;5;132;01m{[39;00m[38;5;28mint[39m(valid_composed_end.max())[38;5;132;01m}[39;00m[33m [39m[38;5;132;01m{[39;00mvalid_composed_end.idxmax()[38;5;132;01m}[39;00m[33m.[39m[33m"[39m
[32m      6[39m )

[31mValueError[39m: cannot convert float NaN to integer

